# JRE version: Java(TM) SE Runtime Environment (8.0_261-b12) (build 1.8.0_261-b12)
# Java VM: Java HotSpot(TM) 64-Bit Server VM (25.261-b12 mixed mode windows-amd64 compressed oops)
Heap:
 PSYoungGen      total 103424K, used 34057K [0x00000000f5580000, 0x00000000fe100000, 0x0000000100000000)
  eden space 91648K, 37% used [0x00000000f5580000,0x00000000f76c24f0,0x00000000faf00000)
  from space 11776K, 0% used [0x00000000faf00000,0x00000000faf00000,0x00000000fba80000)
  to   space 11776K, 0% used [0x00000000fd580000,0x00000000fd580000,0x00000000fe100000)
 ParOldGen       total 96256K, used 14887K [0x00000000e0000000, 0x00000000e5e00000, 0x00000000f5580000)
  object space 96256K, 15% used [0x00000000e0000000,0x00000000e0e89eb8,0x00000000e5e00000)
 Metaspace       used 35804K, capacity 37076K, committed 37376K, reserved 1083392K
  class space    used 5021K, capacity 5301K, committed 5376K, reserved 1048576K
GC Heap History (10 events):
Event: 2.587 GC heap before
{Heap before GC invocations=7 (full 1):
 PSYoungGen      total 76288K, used 8228K [0x00000000f5580000, 0x00000000fab80000, 0x0000000100000000)
  eden space 66048K, 0% used [0x00000000f5580000,0x00000000f5580000,0x00000000f9600000)
  from space 10240K, 80% used [0x00000000fa080000,0x00000000fa889368,0x00000000faa80000)
  to   space 10752K, 0% used [0x00000000f9600000,0x00000000f9600000,0x00000000fa080000)
 ParOldGen       total 87552K, used 7656K [0x00000000e0000000, 0x00000000e5580000, 0x00000000f5580000)
  object space 87552K, 8% used [0x00000000e0000000,0x00000000e077a050,0x00000000e5580000)
 Metaspace       used 20516K, capacity 21202K, committed 21296K, reserved 1067008K
  class space    used 2926K, capacity 3111K, committed 3200K, reserved 1048576K
Event: 2.645 GC heap after
Heap after GC invocations=7 (full 1):
 PSYoungGen      total 76288K, used 0K [0x00000000f5580000, 0x00000000fab80000, 0x0000000100000000)
  eden space 66048K, 0% used [0x00000000f5580000,0x00000000f5580000,0x00000000f9600000)
  from space 10240K, 0% used [0x00000000fa080000,0x00000000fa080000,0x00000000faa80000)
  to   space 10752K, 0% used [0x00000000f9600000,0x00000000f9600000,0x00000000fa080000)
 ParOldGen       total 65024K, used 9000K [0x00000000e0000000, 0x00000000e3f80000, 0x00000000f5580000)
  object space 65024K, 13% used [0x00000000e0000000,0x00000000e08ca380,0x00000000e3f80000)
 Metaspace       used 20516K, capacity 21202K, committed 21296K, reserved 1067008K
  class space    used 2926K, capacity 3111K, committed 3200K, reserved 1048576K
}
Event: 3.946 GC heap before
{Heap before GC invocations=8 (full 1):
 PSYoungGen      total 76288K, used 66048K [0x00000000f5580000, 0x00000000fab80000, 0x0000000100000000)
  eden space 66048K, 100% used [0x00000000f5580000,0x00000000f9600000,0x00000000f9600000)
  from space 10240K, 0% used [0x00000000fa080000,0x00000000fa080000,0x00000000faa80000)
  to   space 10752K, 0% used [0x00000000f9600000,0x00000000f9600000,0x00000000fa080000)
 ParOldGen       total 65024K, used 9000K [0x00000000e0000000, 0x00000000e3f80000, 0x00000000f5580000)
  object space 65024K, 13% used [0x00000000e0000000,0x00000000e08ca380,0x00000000e3f80000)
 Metaspace       used 28093K, capacity 28892K, committed 29056K, reserved 1075200K
  class space    used 3950K, capacity 4162K, committed 4224K, reserved 1048576K
Event: 3.953 GC heap after
Heap after GC invocations=8 (full 1):
 PSYoungGen      total 76800K, used 7949K [0x00000000f5580000, 0x00000000fc500000, 0x0000000100000000)
  eden space 66048K, 0% used [0x00000000f5580000,0x00000000f5580000,0x00000000f9600000)
  from space 10752K, 73% used [0x00000000f9600000,0x00000000f9dc3708,0x00000000fa080000)
  to   space 10752K, 0% used [0x00000000fba80000,0x00000000fba80000,0x00000000fc500000)
 ParOldGen       total 65024K, used 9008K [0x00000000e0000000, 0x00000000e3f80000, 0x00000000f5580000)
  object space 65024K, 13% used [0x00000000e0000000,0x00000000e08cc380,0x00000000e3f80000)
 Metaspace       used 28093K, capacity 28892K, committed 29056K, reserved 1075200K
  class space    used 3950K, capacity 4162K, committed 4224K, reserved 1048576K
}
Event: 4.868 GC heap before
{Heap before GC invocations=9 (full 1):
 PSYoungGen      total 76800K, used 73997K [0x00000000f5580000, 0x00000000fc500000, 0x0000000100000000)
  eden space 66048K, 100% used [0x00000000f5580000,0x00000000f9600000,0x00000000f9600000)
  from space 10752K, 73% used [0x00000000f9600000,0x00000000f9dc3708,0x00000000fa080000)
  to   space 10752K, 0% used [0x00000000fba80000,0x00000000fba80000,0x00000000fc500000)
 ParOldGen       total 65024K, used 9008K [0x00000000e0000000, 0x00000000e3f80000, 0x00000000f5580000)
  object space 65024K, 13% used [0x00000000e0000000,0x00000000e08cc380,0x00000000e3f80000)
 Metaspace       used 32840K, capacity 33950K, committed 34048K, reserved 1079296K
  class space    used 4574K, capacity 4819K, committed 4864K, reserved 1048576K
Event: 4.877 GC heap after
Heap after GC invocations=9 (full 1):
 PSYoungGen      total 102400K, used 9599K [0x00000000f5580000, 0x00000000fc600000, 0x0000000100000000)
  eden space 91648K, 0% used [0x00000000f5580000,0x00000000f5580000,0x00000000faf00000)
  from space 10752K, 89% used [0x00000000fba80000,0x00000000fc3dfd90,0x00000000fc500000)
  to   space 11776K, 0% used [0x00000000faf00000,0x00000000faf00000,0x00000000fba80000)
 ParOldGen       total 65024K, used 9016K [0x00000000e0000000, 0x00000000e3f80000, 0x00000000f5580000)
  object space 65024K, 13% used [0x00000000e0000000,0x00000000e08ce380,0x00000000e3f80000)
 Metaspace       used 32840K, capacity 33950K, committed 34048K, reserved 1079296K
  class space    used 4574K, capacity 4819K, committed 4864K, reserved 1048576K
}
Event: 5.109 GC heap before
{Heap before GC invocations=10 (full 1):
 PSYoungGen      total 102400K, used 39179K [0x00000000f5580000, 0x00000000fc600000, 0x0000000100000000)
  eden space 91648K, 32% used [0x00000000f5580000,0x00000000f7263060,0x00000000faf00000)
  from space 10752K, 89% used [0x00000000fba80000,0x00000000fc3dfd90,0x00000000fc500000)
  to   space 11776K, 0% used [0x00000000faf00000,0x00000000faf00000,0x00000000fba80000)
 ParOldGen       total 65024K, used 9016K [0x00000000e0000000, 0x00000000e3f80000, 0x00000000f5580000)
  object space 65024K, 13% used [0x00000000e0000000,0x00000000e08ce380,0x00000000e3f80000)
 Metaspace       used 34234K, capacity 35432K, committed 35496K, reserved 1079296K
  class space    used 4800K, capacity 5069K, committed 5120K, reserved 1048576K
Event: 5.120 GC heap after
Heap after GC invocations=10 (full 1):
 PSYoungGen      total 103424K, used 8266K [0x00000000f5580000, 0x00000000fe100000, 0x0000000100000000)
  eden space 91648K, 0% used [0x00000000f5580000,0x00000000f5580000,0x00000000faf00000)
  from space 11776K, 70% used [0x00000000faf00000,0x00000000fb712a88,0x00000000fba80000)
  to   space 11776K, 0% used [0x00000000fd580000,0x00000000fd580000,0x00000000fe100000)
 ParOldGen       total 65024K, used 9024K [0x00000000e0000000, 0x00000000e3f80000, 0x00000000f5580000)
  object space 65024K, 13% used [0x00000000e0000000,0x00000000e08d0380,0x00000000e3f80000)
 Metaspace       used 34234K, capacity 35432K, committed 35496K, reserved 1079296K
  class space    used 4800K, capacity 5069K, committed 5120K, reserved 1048576K
}
Event: 5.120 GC heap before
{Heap before GC invocations=11 (full 2):
 PSYoungGen      total 103424K, used 8266K [0x00000000f5580000, 0x00000000fe100000, 0x0000000100000000)
  eden space 91648K, 0% used [0x00000000f5580000,0x00000000f5580000,0x00000000faf00000)
  from space 11776K, 70% used [0x00000000faf00000,0x00000000fb712a88,0x00000000fba80000)
  to   space 11776K, 0% used [0x00000000fd580000,0x00000000fd580000,0x00000000fe100000)
 ParOldGen       total 65024K, used 9024K [0x00000000e0000000, 0x00000000e3f80000, 0x00000000f5580000)
  object space 65024K, 13% used [0x00000000e0000000,0x00000000e08d0380,0x00000000e3f80000)
 Metaspace       used 34234K, capacity 35432K, committed 35496K, reserved 1079296K
  class space    used 4800K, capacity 5069K, committed 5120K, reserved 1048576K
Event: 5.171 GC heap after
Heap after GC invocations=11 (full 2):
 PSYoungGen      total 103424K, used 0K [0x00000000f5580000, 0x00000000fe100000, 0x0000000100000000)
  eden space 91648K, 0% used [0x00000000f5580000,0x00000000f5580000,0x00000000faf00000)
  from space 11776K, 0% used [0x00000000faf00000,0x00000000faf00000,0x00000000fba80000)
  to   space 11776K, 0% used [0x00000000fd580000,0x00000000fd580000,0x00000000fe100000)
 ParOldGen       total 96256K, used 14887K [0x00000000e0000000, 0x00000000e5e00000, 0x00000000f5580000)
  object space 96256K, 15% used [0x00000000e0000000,0x00000000e0e89eb8,0x00000000e5e00000)
 Metaspace       used 34234K, capacity 35432K, committed 35496K, reserved 1079296K
  class space    used 4800K, capacity 5069K, committed 5120K, reserved 1048576K
}

